<?xml version="1.0" encoding="UTF-8"?>
<!-- Generated by org.testng.reporters.JUnitXMLReporter -->
<testsuite ignored="0" hostname="DESKTOP-T2OGFB2" failures="1" tests="1" name="NPW SA" time="41.868" errors="0" timestamp="22 Oct 2020 10:21:21 GMT">
  <testcase classname="com.npw.testscripts.ra.TC_07_captureSuccessfulRAApplication" name="captureSuccessfulApplication on [TC_07_captureSuccessfulRAApplication passed=0 failed=0 skipped=0]" time="31.535">
    <failure type="java.lang.NullPointerException">
      <![CDATA[java.lang.NullPointerException
	at com.om.framework.reporting.Reporting.addOrUpdateFunctionalityNode(Reporting.java:266)
	at com.om.framework.reporting.Reporting.logResults(Reporting.java:87)
	at com.npw.testscripts.ra.TC_07_captureSuccessfulRAApplication.captureSuccessfulApplication(TC_07_captureSuccessfulRAApplication.java:43)
... Removed 34 stack frames]]>
    </failure>
  </testcase> <!-- captureSuccessfulApplication on [TC_07_captureSuccessfulRAApplication passed=0 failed=0 skipped=0] -->
</testsuite> <!-- NPW SA -->
