-------------------------------------------------------------------------------
Test set: TestSuite
-------------------------------------------------------------------------------
Tests run: 1, Failures: 1, Errors: 0, Skipped: 0, Time elapsed: 42.469 sec <<< FAILURE!
captureSuccessfulApplication on [TC_07_captureSuccessfulRAApplication passed=0 failed=0 skipped=0](com.npw.testscripts.ra.TC_07_captureSuccessfulRAApplication)  Time elapsed: 31.536 sec  <<< FAILURE!
java.lang.NullPointerException
	at com.om.framework.reporting.Reporting.addOrUpdateFunctionalityNode(Reporting.java:266)
	at com.om.framework.reporting.Reporting.logResults(Reporting.java:87)
	at com.npw.testscripts.ra.TC_07_captureSuccessfulRAApplication.captureSuccessfulApplication(TC_07_captureSuccessfulRAApplication.java:43)
