<?xml version="1.0" encoding="UTF-8" ?>
<testsuite tests="1" failures="1" name="TestSuite" time="31.536" errors="0" skipped="0">
  <properties>
[...]
</properties>
  <testcase classname="com.npw.testscripts.ra.TC_07_captureSuccessfulRAApplication" name="captureSuccessfulApplication on [TC_07_captureSuccessfulRAApplication passed=0 failed=0 skipped=0]" time="31.536">
    <failure type="java.lang.NullPointerException">java.lang.NullPointerException
	at com.om.framework.reporting.Reporting.addOrUpdateFunctionalityNode(Reporting.java:266)
	at com.om.framework.reporting.Reporting.logResults(Reporting.java:87)
	at com.npw.testscripts.ra.TC_07_captureSuccessfulRAApplication.captureSuccessfulApplication(TC_07_captureSuccessfulRAApplication.java:43)
</failure>
    <system-out>&gt; sPassword parameter set to: Password1$
2020-10-22 12:20:39 INFO  Browser:88 - The application has been invoked successfully in Google Chrome with URL:https://new-public-web-sal3-qa.nonprod.digitalplatform.oldmutual.co.za/retirement-annuity/show-benefits
2020-10-22 12:20:43 INFO  Browser:158 - Chrome browser is opened successfully
Chrome browser is opened successfully
HeaderMenu
Personal
SubHeaderMenu
Our Solutions
AppName
Retirement Plans
selectRaPlan
retirement-annuity/starter
Title
Mr
FirstName
Lyle
MiddleNames

LastName
Tester
Email
lyle@tester.com
CellPhone
0674548961
Age
22
RetirementAge
60
MonthlyContribution
2500
InvestmentType
No increase
Percentage

InvestorType
Comfortable investor
MaritialStatus
Single
CountryOfBirth
South Africa
Nationality
South Africa
SouthAfricanID
9801015800081
IncomeTaxNumber

ComplexBuilding

StreetName
1 Test Street
Suburb
Testing
City
Cape Town
PostalCode
1111
PostalAddressTheSame
Yes
PreferredPostalMethod

ComplexBuilding2

StreetName2

Suburb2

City2

POBox

PrivateBagNumber

PostOffice

PostalCode2

BenficiariesTitle1
Mr
BenficiariesFirstName1
Jon
BenficiariesSurname1
Cena
BenficiariesDateOfBirth1
01/01/2020
BenficiariesGender1
Male
BenficiariesMobileNumber1
0745569887
BenficiariesEmail1

BenficiariesTitle2
Mr
BenficiariesFirstName2
Jon
BenficiariesSurname2
Cena
BenficiariesDateOfBirth2
01/01/2020
BenficiariesGender2
Male
BenficiariesMobileNumber2
0745569887
BenficiariesEmail2

BenficiariesTitle3

BenficiariesFirstName3

BenficiariesSurname3

BenficiariesDateOfBirth3

BenficiariesGender3

BenficiariesMobileNumber3

BenficiariesEmail3

BenficiariesTitle4

BenficiariesFirstName4

BenficiariesSurname4

BenficiariesDateOfBirth4

BenficiariesGender4

BenficiariesMobileNumber4

BenficiariesEmail4

BenficiariesTitle5

BenficiariesFirstName5

BenficiariesSurname5

BenficiariesDateOfBirth5

BenficiariesGender5

BenficiariesMobileNumber5

BenficiariesEmail5

BenficiariesTitle6

BenficiariesFirstName6

BenficiariesSurname6

BenficiariesDateOfBirth6

BenficiariesGender6

BenficiariesMobileNumber6

BenficiariesEmail6

BenficiariesTitle7

BenficiariesFirstName7

BenficiariesSurname7

BenficiariesDateOfBirth7

BenficiariesGender7

BenficiariesMobileNumber7

BenficiariesEmail7

BenficiariesTitle8

BenficiariesFirstName8

BenficiariesSurname8

BenficiariesDateOfBirth8

BenficiariesGender8

BenficiariesMobileNumber8

BenficiariesEmail8

BenficiariesTitle9

BenficiariesFirstName9

BenficiariesSurname9

BenficiariesDateOfBirth9

BenficiariesGender9

BenficiariesMobileNumber9

BenficiariesEmail9

BenficiariesTitle10

BenficiariesFirstName10

BenficiariesSurname10

BenficiariesDateOfBirth10

BenficiariesGender10

BenficiariesMobileNumber10

BenficiariesEmail10

EvenSplit
Yes
BenficiariesPercentage1

BenficiariesPercentage2

BenficiariesPercentage3

BenficiariesPercentage4

BenficiariesPercentage5

BenficiariesPercentage6

BenficiariesPercentage7

BenficiariesPercentage8

BenficiariesPercentage9

BenficiariesPercentage10

BankName
ABSA
AccountNumber
9800809809
AccountType
Savings
DayOfDebitOrder
1
StartMonth

SourceOfIncome
Annuity Payment
SourceOfFunds
Commission
EmploymentPosition
Senior Management
NatureOfBusiness
Construction and Infrastructure
2020-10-22 12:20:50 INFO  Wait:55 - element By.xpath: //strong[text()=&apos;Optimal Retirement Annuity Application&apos;] is visible after waiting.
2020-10-22 12:20:50 INFO  Wait:55 - element By.xpath: //span[contains(text(),&apos;ready to start&apos;)] is visible after waiting.
2020-10-22 12:20:50 INFO  Elements:206 - The element By.xpath: //span[contains(text(),&apos;ready to start&apos;)] has been clicked successfully
2020-10-22 12:20:50 INFO  Wait:55 - element By.xpath: //strong[text()=&apos;Optimal Retirement Annuity Application&apos;] is visible after waiting.
2020-10-22 12:20:51 INFO  Wait:55 - element By.xpath: //*[@for=&apos;age&apos;] is visible after waiting.
2020-10-22 12:20:51 INFO  Elements:103 - The text 22 has been inputted successfully.
2020-10-22 12:21:21 WARN  Wait:61 - element By.xpath: //select//option[contains(text(),&apos;60&apos;)]//..//..//..//div[@class=&apos;om-dropdown-field&apos;] is not present after waiting 20 secs.
2020-10-22 12:21:21 WARN  Elements:209 - The element By.xpath: //select//option[contains(text(),&apos;60&apos;)]//..//..//..//div[@class=&apos;om-dropdown-field&apos;] cannot be clicked due to: Expected condition failed: waiting for visibility of element located by By.xpath: //select//option[contains(text(),&apos;60&apos;)]//..//..//..//div[@class=&apos;om-dropdown-field&apos;] (tried for 20 second(s) with 500 MILLISECONDS interval)
java.io.FileNotFoundException: D:\Entelect%20Work\Automation%20Project\NewPublicWebAutomation-master\logs\ResultFile10-22-2020122121.xml (The system cannot find the path specified)
</system-out>
    <system-err>SLF4J: Failed to load class &quot;org.slf4j.impl.StaticLoggerBinder&quot;.
SLF4J: Defaulting to no-operation (NOP) logger implementation
SLF4J: See http://www.slf4j.org/codes.html#StaticLoggerBinder for further details.
Starting ChromeDriver 86.0.4240.22 (398b0743353ff36fb1b82468f63a3a93b4e2e89e-refs/branch-heads/4240@{#378}) on port 20279
Only local connections are allowed.
Please see https://chromedriver.chromium.org/security-considerations for suggestions on keeping ChromeDriver safe.
ChromeDriver was started successfully.
Oct 22, 2020 12:20:43 PM org.openqa.selenium.remote.ProtocolHandshake createSession
INFO: Detected dialect: W3C
</system-err>
  </testcase>
</testsuite>