<?xml version="1.0" encoding="UTF-8"?>
<testng-results ignored="0" total="1" passed="0" failed="1" skipped="0">
  <reporter-output>
  </reporter-output>
  <suite started-at="2020-10-22T10:20:39Z" name="NPW SA Test Cases" finished-at="2020-10-22T10:21:21Z" duration-ms="41868">
    <groups>
    </groups>
    <test started-at="2020-10-22T10:20:39Z" name="NPW SA" finished-at="2020-10-22T10:21:21Z" duration-ms="41868">
      <class name="com.npw.testscripts.ra.TC_07_captureSuccessfulRAApplication">
        <test-method is-config="true" signature="launchBrowser(java.lang.String, java.lang.String, java.lang.String, java.lang.String)[pri:0, instance:[TC_07_captureSuccessfulRAApplication passed=0 failed=0 skipped=0]]" started-at="2020-10-22T12:20:39Z" name="launchBrowser" finished-at="2020-10-22T12:20:50Z" duration-ms="10240" status="PASS">
          <params>
            <param index="0">
              <value>
                <![CDATA[ff]]>
              </value>
            </param>
            <param index="1">
              <value>
                <![CDATA[http://oldmutual.co.za]]>
              </value>
            </param>
            <param index="2">
              <value>
                <![CDATA[Admin]]>
              </value>
            </param>
            <param index="3">
              <value>
                <![CDATA[Password1$]]>
              </value>
            </param>
          </params>
          <reporter-output>
          </reporter-output>
        </test-method> <!-- launchBrowser -->
        <test-method signature="captureSuccessfulApplication()[pri:0, instance:[TC_07_captureSuccessfulRAApplication passed=0 failed=0 skipped=0]]" started-at="2020-10-22T12:20:50Z" name="captureSuccessfulApplication" finished-at="2020-10-22T12:21:21Z" duration-ms="31535" status="FAIL">
          <exception class="java.lang.NullPointerException">
            <full-stacktrace>
              <![CDATA[java.lang.NullPointerException
	at com.om.framework.reporting.Reporting.addOrUpdateFunctionalityNode(Reporting.java:266)
	at com.om.framework.reporting.Reporting.logResults(Reporting.java:87)
	at com.npw.testscripts.ra.TC_07_captureSuccessfulRAApplication.captureSuccessfulApplication(TC_07_captureSuccessfulRAApplication.java:43)
	at java.base/jdk.internal.reflect.NativeMethodAccessorImpl.invoke0(Native Method)
	at java.base/jdk.internal.reflect.NativeMethodAccessorImpl.invoke(NativeMethodAccessorImpl.java:62)
	at java.base/jdk.internal.reflect.DelegatingMethodAccessorImpl.invoke(DelegatingMethodAccessorImpl.java:43)
	at java.base/java.lang.reflect.Method.invoke(Method.java:566)
	at org.testng.internal.MethodInvocationHelper.invokeMethod(MethodInvocationHelper.java:108)
	at org.testng.internal.Invoker.invokeMethod(Invoker.java:661)
	at org.testng.internal.Invoker.invokeTestMethod(Invoker.java:869)
	at org.testng.internal.Invoker.invokeTestMethods(Invoker.java:1193)
	at org.testng.internal.TestMethodWorker.invokeTestMethods(TestMethodWorker.java:126)
	at org.testng.internal.TestMethodWorker.run(TestMethodWorker.java:109)
	at org.testng.TestRunner.privateRun(TestRunner.java:744)
	at org.testng.TestRunner.run(TestRunner.java:602)
	at org.testng.SuiteRunner.runTest(SuiteRunner.java:380)
	at org.testng.SuiteRunner.runSequentially(SuiteRunner.java:375)
	at org.testng.SuiteRunner.privateRun(SuiteRunner.java:340)
	at org.testng.SuiteRunner.run(SuiteRunner.java:289)
	at org.testng.SuiteRunnerWorker.runSuite(SuiteRunnerWorker.java:52)
	at org.testng.SuiteRunnerWorker.run(SuiteRunnerWorker.java:86)
	at org.testng.TestNG.runSuitesSequentially(TestNG.java:1301)
	at org.testng.TestNG.runSuitesLocally(TestNG.java:1226)
	at org.testng.TestNG.runSuites(TestNG.java:1144)
	at org.testng.TestNG.run(TestNG.java:1115)
	at org.apache.maven.surefire.testng.TestNGExecutor.run(TestNGExecutor.java:177)
	at org.apache.maven.surefire.testng.TestNGXmlTestSuite.execute(TestNGXmlTestSuite.java:92)
	at org.apache.maven.surefire.testng.TestNGProvider.invoke(TestNGProvider.java:105)
	at java.base/jdk.internal.reflect.NativeMethodAccessorImpl.invoke0(Native Method)
	at java.base/jdk.internal.reflect.NativeMethodAccessorImpl.invoke(NativeMethodAccessorImpl.java:62)
	at java.base/jdk.internal.reflect.DelegatingMethodAccessorImpl.invoke(DelegatingMethodAccessorImpl.java:43)
	at java.base/java.lang.reflect.Method.invoke(Method.java:566)
	at org.apache.maven.surefire.util.ReflectionUtils.invokeMethodWithArray(ReflectionUtils.java:189)
	at org.apache.maven.surefire.booter.ProviderFactory$ProviderProxy.invoke(ProviderFactory.java:165)
	at org.apache.maven.surefire.booter.ProviderFactory.invokeProvider(ProviderFactory.java:85)
	at org.apache.maven.surefire.booter.ForkedBooter.runSuitesInProcess(ForkedBooter.java:103)
	at org.apache.maven.surefire.booter.ForkedBooter.main(ForkedBooter.java:74)
]]>
            </full-stacktrace>
          </exception> <!-- java.lang.NullPointerException -->
          <reporter-output>
          </reporter-output>
        </test-method> <!-- captureSuccessfulApplication -->
        <test-method is-config="true" signature="closeBrowser()[pri:0, instance:[TC_07_captureSuccessfulRAApplication passed=0 failed=0 skipped=0]]" started-at="2020-10-22T12:21:21Z" name="closeBrowser" finished-at="2020-10-22T12:21:21Z" duration-ms="83" status="PASS">
          <reporter-output>
          </reporter-output>
        </test-method> <!-- closeBrowser -->
      </class> <!-- com.npw.testscripts.ra.TC_07_captureSuccessfulRAApplication -->
    </test> <!-- NPW SA -->
  </suite> <!-- NPW SA Test Cases -->
</testng-results>
